  [1m[35m (376.6ms)[0m  [1m[35mCREATE DATABASE "sellsy_development" ENCODING = 'unicode'[0m
  ↳ bin/rails:9
  [1m[35m (166.3ms)[0m  [1m[35mCREATE DATABASE "sellsy_test" ENCODING = 'unicode'[0m
  ↳ bin/rails:9
  [1m[35m (32.3ms)[0m  [1m[35mCREATE TABLE "schema_migrations" ("version" character varying NOT NULL PRIMARY KEY)[0m
  ↳ bin/rails:9
  [1m[35m (23.2ms)[0m  [1m[35mCREATE TABLE "ar_internal_metadata" ("key" character varying NOT NULL PRIMARY KEY, "value" character varying, "created_at" timestamp NOT NULL, "updated_at" timestamp NOT NULL)[0m
  ↳ bin/rails:9
  [1m[35m (2.1ms)[0m  [1m[34mSELECT pg_try_advisory_lock(715839324437615700)[0m
  ↳ bin/rails:9
  [1m[35m (0.8ms)[0m  [1m[34mSELECT "schema_migrations"."version" FROM "schema_migrations" ORDER BY "schema_migrations"."version" ASC[0m
  ↳ bin/rails:9
Migrating to CreateUsers (20201012204857)
  [1m[35m (0.2ms)[0m  [1m[35mBEGIN[0m
  ↳ bin/rails:9
  [1m[35m (30.7ms)[0m  [1m[35mCREATE TABLE "users" ("id" bigserial primary key, "email" character varying NOT NULL, "session_token" character varying NOT NULL, "password_digest" character varying NOT NULL, "created_at" timestamp NOT NULL, "updated_at" timestamp NOT NULL)[0m
  ↳ db/migrate/20201012204857_create_users.rb:3
  [1m[35m (3.3ms)[0m  [1m[35mCREATE UNIQUE INDEX  "index_users_on_email" ON "users"  ("email")[0m
  ↳ db/migrate/20201012204857_create_users.rb:9
  [1m[36mActiveRecord::SchemaMigration Create (0.6ms)[0m  [1m[32mINSERT INTO "schema_migrations" ("version") VALUES ($1) RETURNING "version"[0m  [["version", "20201012204857"]]
  ↳ bin/rails:9
  [1m[35m (1.6ms)[0m  [1m[35mCOMMIT[0m
  ↳ bin/rails:9
Migrating to CreateProducts (20201012204922)
  [1m[35m (5.6ms)[0m  [1m[35mBEGIN[0m
  ↳ bin/rails:9
  [1m[35m (23.5ms)[0m  [1m[35mCREATE TABLE "products" ("id" bigserial primary key, "title" character varying NOT NULL, "description" text NOT NULL, "price" integer NOT NULL, "cart_id" integer NOT NULL, "created_at" timestamp NOT NULL, "updated_at" timestamp NOT NULL)[0m
  ↳ db/migrate/20201012204922_create_products.rb:3
  [1m[35m (2.0ms)[0m  [1m[35mCREATE  INDEX  "index_products_on_cart_id" ON "products"  ("cart_id")[0m
  ↳ db/migrate/20201012204922_create_products.rb:11
  [1m[35m (24.3ms)[0m  [1m[35mCREATE UNIQUE INDEX  "index_products_on_title" ON "products"  ("title")[0m
  ↳ db/migrate/20201012204922_create_products.rb:12
  [1m[36mActiveRecord::SchemaMigration Create (0.4ms)[0m  [1m[32mINSERT INTO "schema_migrations" ("version") VALUES ($1) RETURNING "version"[0m  [["version", "20201012204922"]]
  ↳ bin/rails:9
  [1m[35m (1.4ms)[0m  [1m[35mCOMMIT[0m
  ↳ bin/rails:9
Migrating to CreateReviews (20201012204933)
  [1m[35m (5.6ms)[0m  [1m[35mBEGIN[0m
  ↳ bin/rails:9
  [1m[35m (50.6ms)[0m  [1m[35mCREATE TABLE "reviews" ("id" bigserial primary key, "rating" integer NOT NULL, "body" text NOT NULL, "product_id" integer NOT NULL, "user_id" integer NOT NULL, "created_at" timestamp NOT NULL, "updated_at" timestamp NOT NULL)[0m
  ↳ db/migrate/20201012204933_create_reviews.rb:3
  [1m[35m (3.2ms)[0m  [1m[35mCREATE  INDEX  "index_reviews_on_product_id" ON "reviews"  ("product_id")[0m
  ↳ db/migrate/20201012204933_create_reviews.rb:10
  [1m[35m (27.4ms)[0m  [1m[35mCREATE  INDEX  "index_reviews_on_user_id" ON "reviews"  ("user_id")[0m
  ↳ db/migrate/20201012204933_create_reviews.rb:11
  [1m[36mActiveRecord::SchemaMigration Create (0.7ms)[0m  [1m[32mINSERT INTO "schema_migrations" ("version") VALUES ($1) RETURNING "version"[0m  [["version", "20201012204933"]]
  ↳ bin/rails:9
  [1m[35m (100.3ms)[0m  [1m[35mCOMMIT[0m
  ↳ bin/rails:9
Migrating to CreateCarts (20201012205021)
  [1m[35m (14.2ms)[0m  [1m[35mBEGIN[0m
  ↳ bin/rails:9
  [1m[35m (48.0ms)[0m  [1m[35mCREATE TABLE "carts" ("id" bigserial primary key, "user_id" integer NOT NULL, "product_id" integer NOT NULL, "quantity" integer NOT NULL, "created_at" timestamp NOT NULL, "updated_at" timestamp NOT NULL)[0m
  ↳ db/migrate/20201012205021_create_carts.rb:3
  [1m[35m (5.0ms)[0m  [1m[35mCREATE  INDEX  "index_carts_on_user_id" ON "carts"  ("user_id")[0m
  ↳ db/migrate/20201012205021_create_carts.rb:9
  [1m[35m (32.3ms)[0m  [1m[35mCREATE  INDEX  "index_carts_on_product_id" ON "carts"  ("product_id")[0m
  ↳ db/migrate/20201012205021_create_carts.rb:10
  [1m[36mActiveRecord::SchemaMigration Create (2.0ms)[0m  [1m[32mINSERT INTO "schema_migrations" ("version") VALUES ($1) RETURNING "version"[0m  [["version", "20201012205021"]]
  ↳ bin/rails:9
  [1m[35m (0.9ms)[0m  [1m[35mCOMMIT[0m
  ↳ bin/rails:9
  [1m[36mActiveRecord::InternalMetadata Load (9.9ms)[0m  [1m[34mSELECT  "ar_internal_metadata".* FROM "ar_internal_metadata" WHERE "ar_internal_metadata"."key" = $1 LIMIT $2[0m  [["key", "environment"], ["LIMIT", 1]]
  ↳ bin/rails:9
  [1m[35m (0.3ms)[0m  [1m[35mBEGIN[0m
  ↳ bin/rails:9
  [1m[36mActiveRecord::InternalMetadata Create (0.8ms)[0m  [1m[32mINSERT INTO "ar_internal_metadata" ("key", "value", "created_at", "updated_at") VALUES ($1, $2, $3, $4) RETURNING "key"[0m  [["key", "environment"], ["value", "development"], ["created_at", "2020-10-12 21:27:20.458489"], ["updated_at", "2020-10-12 21:27:20.458489"]]
  ↳ bin/rails:9
  [1m[35m (1.5ms)[0m  [1m[35mCOMMIT[0m
  ↳ bin/rails:9
  [1m[35m (4.1ms)[0m  [1m[34mSELECT pg_advisory_unlock(715839324437615700)[0m
  ↳ bin/rails:9
  [1m[35m (0.6ms)[0m  [1m[34mSELECT "schema_migrations"."version" FROM "schema_migrations" ORDER BY "schema_migrations"."version" ASC[0m
  ↳ bin/rails:9
Started GET "/api/users/1" for ::1 at 2020-10-12 16:39:47 -0700
  [1m[35m (2.6ms)[0m  [1m[34mSELECT "schema_migrations"."version" FROM "schema_migrations" ORDER BY "schema_migrations"."version" ASC[0m
  ↳ /Users/JuanCarlos/.rbenv/versions/2.5.1/lib/ruby/gems/2.5.0/gems/activerecord-5.2.4.4/lib/active_record/log_subscriber.rb:98
Processing by Api::UsersController#show as JSON
  Parameters: {"id"=>"1"}
Completed 500 Internal Server Error in 5111814ms (ActiveRecord: 0.0ms)



Errno::EIO - Input/output error - read:
  app/controllers/api/users_controller.rb:16:in `show'

Started GET "/" for ::1 at 2020-10-13 14:32:22 -0700
  [1m[35m (5.7ms)[0m  [1m[34mSELECT "schema_migrations"."version" FROM "schema_migrations" ORDER BY "schema_migrations"."version" ASC[0m
  ↳ /Users/JuanCarlos/.rbenv/versions/2.5.1/lib/ruby/gems/2.5.0/gems/activerecord-5.2.4.4/lib/active_record/log_subscriber.rb:98
Processing by StaticPagesController#root as HTML
Completed 406 Not Acceptable in 297ms (ActiveRecord: 0.0ms)



ActionController::UnknownFormat - StaticPagesController#root is missing a template for this request format and variant.
request.formats: ["text/html"]
request.variant: []
NOTE! For XHR/Ajax or API requests, this action would normally respond with 204 No Content: an empty white screen. Since you're loading it in a web browser, we assume that you expected to actually render a template, not nothing, so we're showing an error to be extra-clear. If you expect 204 No Content, carry on. That's what you'll get from an XHR or API request. Give it a shot.:

Started POST "/__better_errors/aa0011982e94e08a/variables" for ::1 at 2020-10-13 14:32:25 -0700
Started GET "/" for ::1 at 2020-10-13 14:34:12 -0700
Processing by StaticPagesController#root as HTML
Completed 500 Internal Server Error in 31ms (ActiveRecord: 0.0ms)



ActionView::MissingTemplate - Missing template static_pages/root, application/root with {:locale=>[:en], :formats=>[:html], :variants=>[], :handlers=>[:raw, :erb, :html, :builder, :ruby, :coffee, :jbuilder]}. Searched in:
  * "/Users/JuanCarlos/Desktop/Sellsy_project/app/views":
  app/controllers/static_pages_controller.rb:3:in `root'

Started POST "/__better_errors/2c3ea79d10a01e84/variables" for ::1 at 2020-10-13 14:34:13 -0700
Started GET "/" for ::1 at 2020-10-13 14:37:18 -0700
Processing by StaticPagesController#root as HTML
Completed 500 Internal Server Error in 24ms (ActiveRecord: 0.0ms)



ActionView::MissingTemplate - Missing template static_pages/root, application/root with {:locale=>[:en], :formats=>[:html], :variants=>[], :handlers=>[:raw, :erb, :html, :builder, :ruby, :coffee, :jbuilder]}. Searched in:
  * "/Users/JuanCarlos/Desktop/Sellsy_project/app/views":
  app/controllers/static_pages_controller.rb:3:in `root'

Started POST "/__better_errors/b2160c023e02b2b8/variables" for ::1 at 2020-10-13 14:37:18 -0700
Started GET "/" for ::1 at 2020-10-13 14:38:39 -0700
Processing by StaticPagesController#root as HTML
Completed 500 Internal Server Error in 10ms (ActiveRecord: 0.0ms)



ActionView::MissingTemplate - Missing template static_pages/root, application/root with {:locale=>[:en], :formats=>[:html], :variants=>[], :handlers=>[:raw, :erb, :html, :builder, :ruby, :coffee, :jbuilder]}. Searched in:
  * "/Users/JuanCarlos/Desktop/Sellsy_project/app/views":
  app/controllers/static_pages_controller.rb:3:in `root'

Started POST "/__better_errors/f61fe7550200c7ea/variables" for ::1 at 2020-10-13 14:38:39 -0700
Started GET "/" for ::1 at 2020-10-13 14:40:45 -0700
Processing by StaticPagesController#root as HTML
Completed 500 Internal Server Error in 17ms (ActiveRecord: 0.0ms)



ActionView::MissingTemplate - Missing template static_pages/root, application/root with {:locale=>[:en], :formats=>[:html], :variants=>[], :handlers=>[:raw, :erb, :html, :builder, :ruby, :coffee, :jbuilder]}. Searched in:
  * "/Users/JuanCarlos/Desktop/Sellsy_project/app/views":
  app/controllers/static_pages_controller.rb:3:in `root'

Started POST "/__better_errors/a52238ae85855757/variables" for ::1 at 2020-10-13 14:40:45 -0700
Started GET "/" for ::1 at 2020-10-13 14:40:53 -0700
Processing by StaticPagesController#root as HTML
Completed 500 Internal Server Error in 12ms (ActiveRecord: 0.0ms)



ActionView::MissingTemplate - Missing template static_pages/root, application/root with {:locale=>[:en], :formats=>[:html], :variants=>[], :handlers=>[:raw, :erb, :html, :builder, :ruby, :coffee, :jbuilder]}. Searched in:
  * "/Users/JuanCarlos/Desktop/Sellsy_project/app/views":
  app/controllers/static_pages_controller.rb:3:in `root'

Started POST "/__better_errors/396e3a762c14d144/variables" for ::1 at 2020-10-13 14:40:53 -0700
Started GET "/" for ::1 at 2020-10-13 14:41:18 -0700
Processing by StaticPagesController#root as HTML
Completed 406 Not Acceptable in 274ms (ActiveRecord: 0.0ms)



ActionController::UnknownFormat - StaticPagesController#root is missing a template for this request format and variant.
request.formats: ["text/html"]
request.variant: []
NOTE! For XHR/Ajax or API requests, this action would normally respond with 204 No Content: an empty white screen. Since you're loading it in a web browser, we assume that you expected to actually render a template, not nothing, so we're showing an error to be extra-clear. If you expect 204 No Content, carry on. That's what you'll get from an XHR or API request. Give it a shot.:

Started POST "/__better_errors/3c6a10227abe777e/variables" for ::1 at 2020-10-13 14:41:19 -0700
Started GET "/" for ::1 at 2020-10-13 14:41:51 -0700
Processing by StaticPagesController#root as HTML
Completed 406 Not Acceptable in 328ms (ActiveRecord: 0.0ms)



ActionController::UnknownFormat - StaticPagesController#root is missing a template for this request format and variant.
request.formats: ["text/html"]
request.variant: []
NOTE! For XHR/Ajax or API requests, this action would normally respond with 204 No Content: an empty white screen. Since you're loading it in a web browser, we assume that you expected to actually render a template, not nothing, so we're showing an error to be extra-clear. If you expect 204 No Content, carry on. That's what you'll get from an XHR or API request. Give it a shot.:

Started POST "/__better_errors/b28b4cf78d42eef7/variables" for ::1 at 2020-10-13 14:41:52 -0700
Started GET "/" for ::1 at 2020-10-13 14:42:11 -0700
Processing by StaticPagesController#root as HTML
Completed 500 Internal Server Error in 20ms (ActiveRecord: 0.0ms)



ActionView::MissingTemplate - Missing template static_pages/root, application/root with {:locale=>[:en], :formats=>[:html], :variants=>[], :handlers=>[:raw, :erb, :html, :builder, :ruby, :coffee, :jbuilder]}. Searched in:
  * "/Users/JuanCarlos/Desktop/Sellsy_project/app/views":
  app/controllers/static_pages_controller.rb:3:in `root'

Started POST "/__better_errors/c05b0b622fa52d8f/variables" for ::1 at 2020-10-13 14:42:11 -0700
Started GET "/" for ::1 at 2020-10-13 14:44:27 -0700
Processing by StaticPagesController#root as HTML
Completed 500 Internal Server Error in 12ms (ActiveRecord: 0.0ms)



ActionView::MissingTemplate - Missing template static_pages/root, application/root with {:locale=>[:en], :formats=>[:html], :variants=>[], :handlers=>[:raw, :erb, :html, :builder, :ruby, :coffee, :jbuilder]}. Searched in:
  * "/Users/JuanCarlos/Desktop/Sellsy_project/app/views":
  app/controllers/static_pages_controller.rb:3:in `root'

Started POST "/__better_errors/410d57495ccda434/variables" for ::1 at 2020-10-13 14:44:27 -0700
Started GET "/" for ::1 at 2020-10-13 14:44:50 -0700

AbstractController::ActionNotFound - The action 'root' could not be found for StaticPagesController:

Started POST "/__better_errors/add30887c146787c/variables" for ::1 at 2020-10-13 14:44:51 -0700
Started GET "/" for ::1 at 2020-10-13 14:52:52 -0700

AbstractController::ActionNotFound - The action 'root' could not be found for StaticPagesController:

Started POST "/__better_errors/91e5b96662148114/variables" for ::1 at 2020-10-13 14:52:52 -0700
Started GET "/" for ::1 at 2020-10-13 14:56:32 -0700

AbstractController::ActionNotFound - The action 'root' could not be found for StaticPagesController:

Started POST "/__better_errors/06aee9d663284503/variables" for ::1 at 2020-10-13 14:56:32 -0700
Started POST "/__better_errors/06aee9d663284503/variables" for ::1 at 2020-10-13 14:56:43 -0700
Started POST "/__better_errors/06aee9d663284503/variables" for ::1 at 2020-10-13 14:56:45 -0700
Started POST "/__better_errors/06aee9d663284503/variables" for ::1 at 2020-10-13 14:56:47 -0700
Started POST "/__better_errors/06aee9d663284503/variables" for ::1 at 2020-10-13 14:56:50 -0700
Started POST "/__better_errors/06aee9d663284503/variables" for ::1 at 2020-10-13 14:56:54 -0700
Started GET "/" for ::1 at 2020-10-13 14:59:04 -0700

AbstractController::ActionNotFound - The action 'root' could not be found for StaticPagesController:

Started POST "/__better_errors/0d3ccb05e890661f/variables" for ::1 at 2020-10-13 14:59:04 -0700
Started GET "/" for ::1 at 2020-10-13 15:01:23 -0700

AbstractController::ActionNotFound - The action 'root' could not be found for StaticPagesController:

Started POST "/__better_errors/368819d531163782/variables" for ::1 at 2020-10-13 15:01:24 -0700
Started GET "/" for ::1 at 2020-10-13 15:01:41 -0700
Processing by StaticPagesController#root as HTML
Completed 500 Internal Server Error in 6ms (ActiveRecord: 0.0ms)



ActionView::MissingTemplate - Missing template static_pages/root, application/root with {:locale=>[:en], :formats=>[:html], :variants=>[], :handlers=>[:raw, :erb, :html, :builder, :ruby, :coffee, :jbuilder]}. Searched in:
  * "/Users/JuanCarlos/Desktop/Sellsy_project/app/views":
  app/controllers/static_pages_controller.rb:3:in `root'

Started POST "/__better_errors/637143dc6ca536fc/variables" for ::1 at 2020-10-13 15:01:41 -0700
Started GET "/" for ::1 at 2020-10-13 15:04:13 -0700
Processing by StaticPagesController#root as HTML
Completed 500 Internal Server Error in 15ms (ActiveRecord: 0.0ms)



ActionView::MissingTemplate - Missing template static_pages/root, application/root with {:locale=>[:en], :formats=>[:html], :variants=>[], :handlers=>[:raw, :erb, :html, :builder, :ruby, :coffee, :jbuilder]}. Searched in:
  * "/Users/JuanCarlos/Desktop/Sellsy_project/app/views":
  app/controllers/static_pages_controller.rb:3:in `root'

Started POST "/__better_errors/d59da256de2cc383/variables" for ::1 at 2020-10-13 15:04:13 -0700
Started GET "/" for ::1 at 2020-10-13 15:07:53 -0700
Processing by StaticPagesController#root as HTML
Completed 500 Internal Server Error in 10ms (ActiveRecord: 0.0ms)



ActionView::MissingTemplate - Missing template static_pages/root, application/root with {:locale=>[:en], :formats=>[:html], :variants=>[], :handlers=>[:raw, :erb, :html, :builder, :ruby, :coffee, :jbuilder]}. Searched in:
  * "/Users/JuanCarlos/Desktop/Sellsy_project/app/views":
  app/controllers/static_pages_controller.rb:3:in `root'

Started POST "/__better_errors/fe5e8da8c111b842/variables" for ::1 at 2020-10-13 15:07:53 -0700
Started GET "/" for ::1 at 2020-10-13 15:15:36 -0700
Processing by StaticPagesController#root as HTML
Completed 500 Internal Server Error in 6ms (ActiveRecord: 0.0ms)



ActionView::MissingTemplate - Missing template static_pages/root, application/root with {:locale=>[:en], :formats=>[:html], :variants=>[], :handlers=>[:raw, :erb, :html, :builder, :ruby, :coffee, :jbuilder]}. Searched in:
  * "/Users/JuanCarlos/Desktop/Sellsy_project/app/views":
  app/controllers/static_pages_controller.rb:3:in `root'

Started POST "/__better_errors/fb0a4facba69ce12/variables" for ::1 at 2020-10-13 15:15:37 -0700
Started GET "/" for ::1 at 2020-10-13 15:20:29 -0700
Processing by StaticPagesController#root as HTML
Completed 500 Internal Server Error in 60ms (ActiveRecord: 0.0ms)



ActionView::MissingTemplate - Missing template static_pages/root, application/root with {:locale=>[:en], :formats=>[:html], :variants=>[], :handlers=>[:raw, :erb, :html, :builder, :ruby, :coffee, :jbuilder]}. Searched in:
  * "/Users/JuanCarlos/Desktop/Sellsy_project/app/views":
  app/controllers/static_pages_controller.rb:3:in `root'

Started POST "/__better_errors/3d56322c47eb4472/variables" for ::1 at 2020-10-13 15:20:30 -0700
Started GET "/" for ::1 at 2020-10-13 15:20:40 -0700
Processing by StaticPagesController#root as HTML
Completed 500 Internal Server Error in 47ms (ActiveRecord: 0.0ms)



ActionView::MissingTemplate - Missing template static_pages/root, application/root with {:locale=>[:en], :formats=>[:html], :variants=>[], :handlers=>[:raw, :erb, :html, :builder, :ruby, :coffee, :jbuilder]}. Searched in:
  * "/Users/JuanCarlos/Desktop/Sellsy_project/app/views":
  app/controllers/static_pages_controller.rb:3:in `root'

Started POST "/__better_errors/4eeed2ed85b01fc5/variables" for ::1 at 2020-10-13 15:20:40 -0700
Started GET "/" for ::1 at 2020-10-13 15:21:54 -0700
Processing by StaticPagesController#root as HTML
Completed 500 Internal Server Error in 15ms (ActiveRecord: 0.0ms)



ActionView::MissingTemplate - Missing template static_pages/root, application/root with {:locale=>[:en], :formats=>[:html], :variants=>[], :handlers=>[:raw, :erb, :html, :builder, :ruby, :coffee, :jbuilder]}. Searched in:
  * "/Users/JuanCarlos/Desktop/Sellsy_project/app/views":
  app/controllers/static_pages_controller.rb:3:in `root'

Started POST "/__better_errors/851b1d1190b51076/variables" for ::1 at 2020-10-13 15:21:54 -0700
Started GET "/" for ::1 at 2020-10-13 15:23:08 -0700
Processing by StaticPagesController#root as HTML
Completed 500 Internal Server Error in 23ms (ActiveRecord: 0.0ms)



ActionView::MissingTemplate - Missing template static_pages/root, application/root with {:locale=>[:en], :formats=>[:html], :variants=>[], :handlers=>[:raw, :erb, :html, :builder, :ruby, :coffee, :jbuilder]}. Searched in:
  * "/Users/JuanCarlos/Desktop/Sellsy_project/app/views":
  app/controllers/static_pages_controller.rb:3:in `root'

Started POST "/__better_errors/f65305b4281f4677/variables" for ::1 at 2020-10-13 15:23:08 -0700
Started GET "/" for ::1 at 2020-10-13 15:23:12 -0700
Processing by StaticPagesController#root as HTML
Completed 500 Internal Server Error in 32ms (ActiveRecord: 0.0ms)



ActionView::MissingTemplate - Missing template static_pages/root, application/root with {:locale=>[:en], :formats=>[:html], :variants=>[], :handlers=>[:raw, :erb, :html, :builder, :ruby, :coffee, :jbuilder]}. Searched in:
  * "/Users/JuanCarlos/Desktop/Sellsy_project/app/views":
  app/controllers/static_pages_controller.rb:3:in `root'

Started POST "/__better_errors/ad96eb25c204f2ac/variables" for ::1 at 2020-10-13 15:23:13 -0700
Started GET "/" for ::1 at 2020-10-13 15:26:37 -0700
  [1m[35m (18.8ms)[0m  [1m[34mSELECT "schema_migrations"."version" FROM "schema_migrations" ORDER BY "schema_migrations"."version" ASC[0m
  ↳ /Users/JuanCarlos/.rbenv/versions/2.5.1/lib/ruby/gems/2.5.0/gems/activerecord-5.2.4.4/lib/active_record/log_subscriber.rb:98
Processing by StaticPagesController#root as HTML
Completed 500 Internal Server Error in 67ms (ActiveRecord: 0.0ms)



ActionView::MissingTemplate - Missing template static_pages/root, application/root with {:locale=>[:en], :formats=>[:html], :variants=>[], :handlers=>[:raw, :erb, :html, :builder, :ruby, :coffee, :jbuilder]}. Searched in:
  * "/Users/JuanCarlos/Desktop/Sellsy_project/app/views":
  app/controllers/static_pages_controller.rb:3:in `root'

Started POST "/__better_errors/64a203cd4ac6a6ca/variables" for ::1 at 2020-10-13 15:26:38 -0700
Started GET "/" for ::1 at 2020-10-13 15:29:28 -0700
Processing by StaticPagesController#root as HTML
Completed 500 Internal Server Error in 19ms (ActiveRecord: 0.0ms)



ActionView::MissingTemplate - Missing template static_pages/root, application/root with {:locale=>[:en], :formats=>[:html], :variants=>[], :handlers=>[:raw, :erb, :html, :builder, :ruby, :coffee, :jbuilder]}. Searched in:
  * "/Users/JuanCarlos/Desktop/Sellsy_project/app/views":
  app/controllers/static_pages_controller.rb:3:in `root'

Started POST "/__better_errors/f2e7927e173eb4ea/variables" for ::1 at 2020-10-13 15:29:28 -0700
Started GET "/" for ::1 at 2020-10-13 15:32:24 -0700
Processing by StaticPagesController#root as HTML
  Rendering static_pages/root.html.erb within layouts/application
  Rendered static_pages/root.html.erb within layouts/application (30.4ms)
Completed 200 OK in 12476ms (Views: 12475.4ms | ActiveRecord: 0.0ms)


Started GET "/" for ::1 at 2020-10-13 15:33:05 -0700
  [1m[35m (4.1ms)[0m  [1m[34mSELECT "schema_migrations"."version" FROM "schema_migrations" ORDER BY "schema_migrations"."version" ASC[0m
  ↳ /Users/JuanCarlos/.rbenv/versions/2.5.1/lib/ruby/gems/2.5.0/gems/activerecord-5.2.4.4/lib/active_record/log_subscriber.rb:98
Processing by StaticPagesController#root as HTML
  Rendering static_pages/root.html.erb within layouts/application
  Rendered static_pages/root.html.erb within layouts/application (3.6ms)
Completed 200 OK in 9579ms (Views: 9577.4ms | ActiveRecord: 0.0ms)


Started GET "/" for ::1 at 2020-10-13 15:35:44 -0700
  [1m[35m (3.3ms)[0m  [1m[34mSELECT "schema_migrations"."version" FROM "schema_migrations" ORDER BY "schema_migrations"."version" ASC[0m
  ↳ /Users/JuanCarlos/.rbenv/versions/2.5.1/lib/ruby/gems/2.5.0/gems/activerecord-5.2.4.4/lib/active_record/log_subscriber.rb:98
Processing by StaticPagesController#root as HTML
  Rendering static_pages/root.html.erb within layouts/application
  Rendered static_pages/root.html.erb within layouts/application (45.9ms)
Completed 200 OK in 12690ms (Views: 12689.2ms | ActiveRecord: 0.0ms)


Started GET "/" for ::1 at 2020-10-13 15:37:31 -0700
Processing by StaticPagesController#root as HTML
  Rendering static_pages/root.html.erb within layouts/application
  Rendered static_pages/root.html.erb within layouts/application (0.5ms)
Completed 200 OK in 163ms (Views: 162.8ms | ActiveRecord: 0.0ms)


Started GET "/" for ::1 at 2020-10-13 15:40:13 -0700
  [1m[35m (3.1ms)[0m  [1m[34mSELECT "schema_migrations"."version" FROM "schema_migrations" ORDER BY "schema_migrations"."version" ASC[0m
  ↳ /Users/JuanCarlos/.rbenv/versions/2.5.1/lib/ruby/gems/2.5.0/gems/activerecord-5.2.4.4/lib/active_record/log_subscriber.rb:98
Processing by StaticPagesController#root as HTML
  Rendering static_pages/root.html.erb within layouts/application
  Rendered static_pages/root.html.erb within layouts/application (3.1ms)
Completed 200 OK in 8037ms (Views: 8034.1ms | ActiveRecord: 0.0ms)


Started GET "/" for ::1 at 2020-10-13 15:41:37 -0700
  [1m[35m (1.5ms)[0m  [1m[34mSELECT "schema_migrations"."version" FROM "schema_migrations" ORDER BY "schema_migrations"."version" ASC[0m
  ↳ /Users/JuanCarlos/.rbenv/versions/2.5.1/lib/ruby/gems/2.5.0/gems/activerecord-5.2.4.4/lib/active_record/log_subscriber.rb:98
Processing by StaticPagesController#root as HTML
  Rendering static_pages/root.html.erb within layouts/application
  Rendered static_pages/root.html.erb within layouts/application (30.4ms)
Completed 200 OK in 7332ms (Views: 7331.9ms | ActiveRecord: 0.0ms)


Started GET "/" for ::1 at 2020-10-13 15:42:59 -0700
  [1m[35m (1.2ms)[0m  [1m[34mSELECT "schema_migrations"."version" FROM "schema_migrations" ORDER BY "schema_migrations"."version" ASC[0m
  ↳ /Users/JuanCarlos/.rbenv/versions/2.5.1/lib/ruby/gems/2.5.0/gems/activerecord-5.2.4.4/lib/active_record/log_subscriber.rb:98
Processing by StaticPagesController#root as HTML
  Rendering static_pages/root.html.erb within layouts/application
  Rendered static_pages/root.html.erb within layouts/application (26.9ms)
Completed 200 OK in 8822ms (Views: 8821.3ms | ActiveRecord: 0.0ms)


Started GET "/" for ::1 at 2020-10-13 15:43:41 -0700
Processing by StaticPagesController#root as HTML
  Rendering static_pages/root.html.erb within layouts/application
  Rendered static_pages/root.html.erb within layouts/application (1.2ms)
Completed 200 OK in 1047ms (Views: 1046.1ms | ActiveRecord: 0.0ms)


Started GET "/" for ::1 at 2020-10-13 15:46:39 -0700
Processing by StaticPagesController#root as HTML
  Rendering static_pages/root.html.erb within layouts/application
  Rendered static_pages/root.html.erb within layouts/application (0.5ms)
Completed 200 OK in 1960ms (Views: 1959.6ms | ActiveRecord: 0.0ms)


Started POST "/api/users" for ::1 at 2020-10-13 15:47:15 -0700
Processing by Api::UsersController#create as JSON
  Parameters: {"user"=>{"email"=>"", "password"=>"[FILTERED]"}}
  [1m[35m (1.4ms)[0m  [1m[35mBEGIN[0m
  ↳ app/controllers/api/users_controller.rb:6
  [1m[36mUser Exists (107.3ms)[0m  [1m[34mSELECT  1 AS one FROM "users" WHERE "users"."email" = $1 LIMIT $2[0m  [["email", ""], ["LIMIT", 1]]
  ↳ app/controllers/api/users_controller.rb:6
  [1m[36mUser Exists (0.5ms)[0m  [1m[34mSELECT  1 AS one FROM "users" WHERE "users"."session_token" = $1 LIMIT $2[0m  [["session_token", "cOe-XsHvGfC51WOeqyjeOQ"], ["LIMIT", 1]]
  ↳ app/controllers/api/users_controller.rb:6
  [1m[35m (2.3ms)[0m  [1m[31mROLLBACK[0m
  ↳ app/controllers/api/users_controller.rb:6
Completed 422 Unprocessable Entity in 841ms (Views: 1.3ms | ActiveRecord: 197.9ms)


Started GET "/" for ::1 at 2020-10-13 15:48:13 -0700
Processing by StaticPagesController#root as HTML
  Rendering static_pages/root.html.erb within layouts/application
  Rendered static_pages/root.html.erb within layouts/application (0.8ms)
Completed 200 OK in 2362ms (Views: 2361.4ms | ActiveRecord: 0.0ms)


Started GET "/" for ::1 at 2020-10-13 15:48:57 -0700
Processing by StaticPagesController#root as HTML
  Rendering static_pages/root.html.erb within layouts/application
  Rendered static_pages/root.html.erb within layouts/application (0.3ms)
Completed 200 OK in 1763ms (Views: 1763.0ms | ActiveRecord: 0.0ms)


Started POST "/api/users" for ::1 at 2020-10-13 15:49:14 -0700
Processing by Api::UsersController#create as JSON
  Parameters: {"user"=>{"email"=>"efewrerew", "password"=>"[FILTERED]"}}
  [1m[35m (0.2ms)[0m  [1m[35mBEGIN[0m
  ↳ app/controllers/api/users_controller.rb:6
  [1m[36mUser Exists (2.9ms)[0m  [1m[34mSELECT  1 AS one FROM "users" WHERE "users"."email" = $1 LIMIT $2[0m  [["email", "efewrerew"], ["LIMIT", 1]]
  ↳ app/controllers/api/users_controller.rb:6
  [1m[36mUser Exists (0.5ms)[0m  [1m[34mSELECT  1 AS one FROM "users" WHERE "users"."session_token" = $1 LIMIT $2[0m  [["session_token", "dTVc91vRywh8aSudXE5knQ"], ["LIMIT", 1]]
  ↳ app/controllers/api/users_controller.rb:6
  [1m[36mUser Create (62.0ms)[0m  [1m[32mINSERT INTO "users" ("email", "session_token", "password_digest", "created_at", "updated_at") VALUES ($1, $2, $3, $4, $5) RETURNING "id"[0m  [["email", "efewrerew"], ["session_token", "dTVc91vRywh8aSudXE5knQ"], ["password_digest", "$2a$12$MdBk1HJRPcLuHOQ3ER2mz.kDqmfwSTidhRoGYw.GWO/9..J9UVZmu"], ["created_at", "2020-10-13 22:49:14.712525"], ["updated_at", "2020-10-13 22:49:14.712525"]]
  ↳ app/controllers/api/users_controller.rb:6
  [1m[35m (2.2ms)[0m  [1m[35mCOMMIT[0m
  ↳ app/controllers/api/users_controller.rb:6
  [1m[35m (0.7ms)[0m  [1m[35mBEGIN[0m
  ↳ app/models/user.rb:30
  [1m[36mUser Exists (10.2ms)[0m  [1m[34mSELECT  1 AS one FROM "users" WHERE "users"."email" = $1 AND "users"."id" != $2 LIMIT $3[0m  [["email", "efewrerew"], ["id", 1], ["LIMIT", 1]]
  ↳ app/models/user.rb:30
  [1m[36mUser Exists (0.6ms)[0m  [1m[34mSELECT  1 AS one FROM "users" WHERE "users"."session_token" = $1 AND "users"."id" != $2 LIMIT $3[0m  [["session_token", "cBdTk2RorRUMJvHva2ajVA"], ["id", 1], ["LIMIT", 1]]
  ↳ app/models/user.rb:30
  [1m[36mUser Update (21.4ms)[0m  [1m[33mUPDATE "users" SET "session_token" = $1, "updated_at" = $2 WHERE "users"."id" = $3[0m  [["session_token", "cBdTk2RorRUMJvHva2ajVA"], ["updated_at", "2020-10-13 22:49:14.882922"], ["id", 1]]
  ↳ app/models/user.rb:30
  [1m[35m (2.7ms)[0m  [1m[35mCOMMIT[0m
  ↳ app/models/user.rb:30
  Rendering api/users/show.json.jbuilder
  Rendered api/users/show.json.jbuilder (52.3ms)
Completed 500 Internal Server Error in 700ms (ActiveRecord: 103.4ms)



ActionView::MissingTemplate - Missing partial api/users/_user with {:locale=>[:en], :formats=>[:json], :variants=>[], :handlers=>[:jbuilder]}. Searched in:
  * "/Users/JuanCarlos/Desktop/Sellsy_project/app/views":
  app/views/api/users/show.json.jbuilder:1:in `_app_views_api_users_show_json_jbuilder___4324028964785779775_70267272508700'
  app/controllers/api/users_controller.rb:8:in `create'

Started GET "/" for ::1 at 2020-10-13 15:52:13 -0700
Processing by StaticPagesController#root as HTML
  Rendering static_pages/root.html.erb within layouts/application
  Rendered static_pages/root.html.erb within layouts/application (0.7ms)
Completed 200 OK in 1345ms (Views: 1339.0ms | ActiveRecord: 0.0ms)


Started GET "/" for ::1 at 2020-10-13 15:55:06 -0700
Processing by StaticPagesController#root as HTML
  Rendering static_pages/root.html.erb within layouts/application
  Rendered static_pages/root.html.erb within layouts/application (0.4ms)
Completed 200 OK in 163ms (Views: 162.6ms | ActiveRecord: 0.0ms)


Started GET "/" for ::1 at 2020-10-13 15:55:17 -0700
Processing by StaticPagesController#root as HTML
  Rendering static_pages/root.html.erb within layouts/application
  Rendered static_pages/root.html.erb within layouts/application (0.4ms)
Completed 200 OK in 313ms (Views: 312.5ms | ActiveRecord: 0.0ms)


Started GET "/" for ::1 at 2020-10-13 15:55:29 -0700
Processing by StaticPagesController#root as HTML
  Rendering static_pages/root.html.erb within layouts/application
  Rendered static_pages/root.html.erb within layouts/application (1.9ms)
Completed 200 OK in 484ms (Views: 483.5ms | ActiveRecord: 0.0ms)


Started GET "/" for ::1 at 2020-10-13 15:55:44 -0700
Processing by StaticPagesController#root as HTML
  Rendering static_pages/root.html.erb within layouts/application
  Rendered static_pages/root.html.erb within layouts/application (1.2ms)
Completed 200 OK in 404ms (Views: 403.9ms | ActiveRecord: 0.0ms)


Started GET "/" for ::1 at 2020-10-13 15:56:53 -0700
Processing by StaticPagesController#root as HTML
  Rendering static_pages/root.html.erb within layouts/application
  Rendered static_pages/root.html.erb within layouts/application (1.1ms)
Completed 200 OK in 364ms (Views: 363.7ms | ActiveRecord: 0.0ms)


Started GET "/" for ::1 at 2020-10-13 15:57:27 -0700
Processing by StaticPagesController#root as HTML
  Rendering static_pages/root.html.erb within layouts/application
  Rendered static_pages/root.html.erb within layouts/application (0.5ms)
Completed 200 OK in 266ms (Views: 265.8ms | ActiveRecord: 0.0ms)


Started GET "/" for ::1 at 2020-10-13 15:57:36 -0700
Processing by StaticPagesController#root as HTML
  Rendering static_pages/root.html.erb within layouts/application
  Rendered static_pages/root.html.erb within layouts/application (0.6ms)
Completed 200 OK in 316ms (Views: 315.7ms | ActiveRecord: 0.0ms)


Started GET "/" for ::1 at 2020-10-13 15:58:01 -0700
Processing by StaticPagesController#root as HTML
  Rendering static_pages/root.html.erb within layouts/application
  Rendered static_pages/root.html.erb within layouts/application (0.4ms)
Completed 200 OK in 400ms (Views: 399.5ms | ActiveRecord: 0.0ms)


Started GET "/" for ::1 at 2020-10-13 15:58:10 -0700
Processing by StaticPagesController#root as HTML
  Rendering static_pages/root.html.erb within layouts/application
  Rendered static_pages/root.html.erb within layouts/application (1.0ms)
Completed 200 OK in 374ms (Views: 374.0ms | ActiveRecord: 0.0ms)


Started GET "/" for ::1 at 2020-10-13 15:58:28 -0700
Processing by StaticPagesController#root as HTML
  Rendering static_pages/root.html.erb within layouts/application
  Rendered static_pages/root.html.erb within layouts/application (0.8ms)
Completed 200 OK in 357ms (Views: 357.0ms | ActiveRecord: 0.0ms)


Started GET "/" for ::1 at 2020-10-13 15:58:44 -0700
Processing by StaticPagesController#root as HTML
  Rendering static_pages/root.html.erb within layouts/application
  Rendered static_pages/root.html.erb within layouts/application (0.8ms)
Completed 200 OK in 366ms (Views: 365.4ms | ActiveRecord: 0.0ms)


Started GET "/" for ::1 at 2020-10-13 15:59:05 -0700
Processing by StaticPagesController#root as HTML
  Rendering static_pages/root.html.erb within layouts/application
  Rendered static_pages/root.html.erb within layouts/application (2.4ms)
Completed 200 OK in 365ms (Views: 364.1ms | ActiveRecord: 0.0ms)


Started GET "/" for ::1 at 2020-10-13 15:59:21 -0700
Processing by StaticPagesController#root as HTML
  Rendering static_pages/root.html.erb within layouts/application
  Rendered static_pages/root.html.erb within layouts/application (0.8ms)
Completed 200 OK in 357ms (Views: 356.2ms | ActiveRecord: 0.0ms)


Started GET "/" for ::1 at 2020-10-13 16:00:17 -0700
Processing by StaticPagesController#root as HTML
  Rendering static_pages/root.html.erb within layouts/application
  Rendered static_pages/root.html.erb within layouts/application (1.6ms)
Completed 200 OK in 2810ms (Views: 2809.6ms | ActiveRecord: 0.0ms)


Started GET "/" for ::1 at 2020-10-13 16:01:06 -0700
Processing by StaticPagesController#root as HTML
  Rendering static_pages/root.html.erb within layouts/application
  Rendered static_pages/root.html.erb within layouts/application (0.7ms)
Completed 200 OK in 661ms (Views: 660.8ms | ActiveRecord: 0.0ms)


